                            M               M
                            W               W
                          MMMMM           MMMMM
                          WWWWW           WWWWW
                        MMMMMMMMM       MMMMMMMMM
                        WWWWWWWWW       WWWWWWWWW
                      MMMMMMMMMMMMM   MMMMMMMMMMMMM
                      WWWWWWWWWWWWW   WWWWWWWWWWWWW
                    MMMMMMMMMMMMMMMMMMMMMMMMMMMMMMMMM
                    WWWWWWWWWWWWWWWWWWWWWWWWWWWWWWWWW
                    MMMMMMMM MMMMMMMMMMMMMMM MMMMMMMM
                    WWWWWWWW WWWWWWWWWWWWWWW WWWWWWWW
                    MMMMMM     MMMMMMMMMMM     MMMMMM
                    WWWWWW     WWWWWWWWWWW     WWWWWW
                    MMMM         MMMMMMM         MMMM
                    WWWW         WWWWWWW         WWWW
                    MM             MMM             MM
                    WW             WWW             WW
                    M               M               M
                    W               W               W
                    MM             MMM             MM
                    WW             WWW             WW
                    MMMM         MMMMMMM         MMMM
                    WWWW         WWWWWWW         WWWW
                    MMMMMM     MMMMMMMMMMM     MMMMMM
                    WWWWWW     WWWWWWWWWWW     WWWWWW
                    MMMMMMMM MMMMMMMMMMMMMMM MMMMMMMM
                    WWWWWWWW WWWWWWWWWWWWWWW WWWWWWWW
                    MMMMMMMMMMMMMMMMMMMMMMMMMMMMMMMMM
                    WWWWWWWWWWWWWWWWWWWWWWWWWWWWWWWWW
                      MMMMMMMMMMMMM   MMMMMMMMMMMMM
                      WWWWWWWWWWWWW   WWWWWWWWWWWWW
                        MMMMMMMMM       MMMMMMMMM
                        WWWWWWWWW       WWWWWWWWW
                          MMMMM           MMMMM
                          WWWWW           WWWWW
                            M               M
                            W               W

             version: Marc 2020, build 743940 (2020/07/14)

             machine type: WINDOWS

             integer*8 version: integers are 64-bits

             date: Tue Oct 29 12:50:21 2024


             (c) COPYRIGHT 2020 MSC Software Corporation, all rights reserved

                    Marc - W i n d o w s       

                     i n p u t   d a t a


                p a g e          1

                             10        20        30        40        50        60        70        80        90       100       110       120       130       140       150       160
                     ----------------------------------------------------------------------------------------------------------------------------------------------------------------
                     title               job1
                     $....MARC input file produced by Marc Mentat 2020 (64bit)
                     $...................................
                     $....input file using extended precision
    card         5   extended
                     $...................................
                     sizing                                 0    110723    111462         0
                     alloc                       25
                     elements                     3
    card        10   elements                   201
                     version                     15         2         0         0
                     table                        0         0         2         1         1         0         0         1
                     processor                    1         1         1         0
                     ----------------------------------------------------------------------------------------------------------------------------------------------------------------
                             10        20        30        40        50        60        70        80        90       100       110       120       130       140       150       160
                     ----------------------------------------------------------------------------------------------------------------------------------------------------------------
                     ----------------------------------------------------------------------------------------------------------------------------------------------------------------
1
             general memory increasing from      25 MByte to     106 MByte


             memory increased to        28003870 words during 
             pre-reading of sets



   MSC Customer Entitlement ID
        97A6A811-47A6BG55



                    *************************************************
                    *************************************************

                     program sizing and options requested as follows



                     element type requested*************************         3
                     element type requested*************************       201
                     number of elements in mesh*********************    110723
                     number of nodes in mesh************************    111462
                     load correction flagged or set*****************
                     values stored at all integration points********
                     tape no.for input of coordinates + connectivity         5
                     no.of different materials    4 max.no of slopes         5
                     number of points on shell section *************        11
                     new style input format will be used************
                     requested number of element threads************         1
                     requested number of solver threads*************        20
                     extended precision input is used ************** 
                     Marc input version ****************************        15
                     maximum number of boundary conditions *********         3
                     suppress echo of list items *******************
                     suppress echo of bc summary *******************
                     suppress echo of nurbs data *******************


                     end of parameters and sizing
                    *************************************************
                    *************************************************





                              key to stress, strain and displacement output



                                        element type         3


                              4-node isoparametric plane stress                      

                              stresses and strains in global directions               
                                1=xx                                                  
                                2=yy                                                  
                                3=xy                                                  
                                                                                      
                              displacements in global directions                      
                                1=u global x direction                                
                                2=v global y direction                                



                                        element type       201


                              3-node isoparametric plane stress                      

                              stresses and strains in global directions               
                                1=xx                                                  
                                2=yy                                                  
                                3=xy                                                  
                                                                                      
                              displacements in global directions                      
                                1=u global x direction                                
                                2=v global y direction                                

             allocated   12929604 words of memory due to nodal vectors


             allocated       1462 words of memory due to boundary conditions


             allocated        630 words of memory due to geometric points


             allocated       1176 words of memory due to geometric curves


             allocated         26 words of memory due to geometric surfaces


             allocated     445848 words of memory due to shell, user or contact transformations



             workspace needed for input and stiffness assembly:         5174552


             internal core allocation parameters
             degrees of freedom per node (ndeg)  2
             max. number of coordinates per node  2
             max. nodes per element (nnodmx)  4
             max. invariants per int. points (neqst)  1
             max.stress components per int. point (nstrmx)   3
             strains per integration point (ngens)  3


             flag for element storage (ielsto)  0
             element data in core

             memory usage per element group
                group   # elements     nelsto      MByte            words
                  1        16742         492          31           8237064
                  2            1         222           0               222
                  3        33501         492          63          16482492
                  4            1         222           0               222
                  5        11194         492          21           5507448
                  6            2         222           0               444
                  7        49282         492          92          24246744
                ----------------------------------------------------------
                total     110723                     208          54474636


                              internal element variables



                              internal element number         1  library code type    3
                              number of nodes=  4
                              stresses stored per integration point =  3
                              direct continuum components stored =  2
                              shear continuum components stored =  1
                              shell/beam flag = 0
                              curvilinear  coord. flag = 0
                              int.points for elem. stiffness  4
                              number of local inertia directions  2
                              int.point for print if all points not flagged  5
                              int. points for dist. surface loads (pressure)  2
                              library code type =     3
                              large disp. row counts     4    4    7

                              internal element number         2  library code type  201
                              number of nodes=  3
                              stresses stored per integration point =  3
                              direct continuum components stored =  2
                              shear continuum components stored =  1
                              shell/beam flag = 0
                              curvilinear  coord. flag = 0
                              int.points for elem. stiffness  1
                              number of local inertia directions  2
                              int.point for print if all points not flagged  1
                              int. points for dist. surface loads (pressure)  2
                              library code type =   201
                              large disp. row counts     4    4    7



                              residual load correction is invoked



             $...................                                                                                                                                            

             solver                                                                                                                                                          
             ----------


             multifrontal direct sparse solver invoked

             optimize                    11                                                                                                                                  
             ----------



             metis nested dissection algorithm

             points                                                                                                                                                          
             ----------


             curves                                                                                                                                                          
             ----------


             $....curve 1                                                                                                                                                    

             $....curve 2                                                                                                                                                    

             $....curve 4                                                                                                                                                    

             $....curve 5                                                                                                                                                    

             $....curve 6                                                                                                                                                    

             $....curve 7                                                                                                                                                    

             $....curve 8                                                                                                                                                    

             $....curve 9                                                                                                                                                    

             $....curve 10                                                                                                                                                   

             $....curve 11                                                                                                                                                   

             $....curve 12                                                                                                                                                   

             $....curve 13                                                                                                                                                   

             connectivity                                                                                                                                                    
             ----------

             geometry id =                   1
             material id =                   1

                meshr1,  iprnt
                      5      1
                elem no., type,        nodes

             connectivity                                                                                                                                                    
             ----------

             geometry id =                   1
             material id =                   2

                meshr1,  iprnt
                      5      1
                elem no., type,        nodes

             connectivity                                                                                                                                                    
             ----------

             geometry id =                   1
             material id =                   3

                meshr1,  iprnt
                      5      1
                elem no., type,        nodes

             connectivity                                                                                                                                                    
             ----------

             geometry id =                   1
             material id =                   4

                meshr1,  iprnt
                      5      1
                elem no., type,        nodes

             coordinates                                                                                                                                                     
             ----------

             ncrd1 ,meshr1,iprnt
                    2         5         1
                   node      coordinates

             define              node                set                 apply1_nodes                                                                                        
             ----------

             from node          1 to node        516 by          1

             define              node                set                 apply2_nodes                                                                                        
             ----------

             a list of nodes given below 
                     1      1111      1112      1113      1114      1115      1116      1117      1118      1119      1120      1121      1122
                     echo suppressed for       302 items
                     total number of items read:       315

             define              element             set                 apply3_elements                                                                                     
             ----------

             from element          1 to element     110723 by          1

             attach node                                                                                                                                                     
             ----------


             allocated         72 words of memory due to attach options


             nodes attached to point             2
             a list of nodes given below 
                 96141

             nodes attached to point             3
             a list of nodes given below 
                 62479

             nodes attached to point             5
             a list of nodes given below 
                 49887

             nodes attached to point             7
             a list of nodes given below 
                  1111

             nodes attached to point             9
             a list of nodes given below 
                     1

             nodes attached to point            26
             a list of nodes given below 
                 50408

             nodes attached to point            27
             a list of nodes given below 
                   633

             nodes attached to point            31
             a list of nodes given below 
                   516

             nodes attached to point            32
             a list of nodes given below 
                   654

             attach edge                                                                                                                                                     
             ----------


             allocated     258000 words of memory due to attach options


             attach information given using Mentat convention

             curve id          1
                    94: 0        95: 0        96: 0        97: 0        98: 0        99: 0       100: 0       101: 0
                     echo suppressed for       507 items
                     total number of items read:       515

             curve id          2
             from element      524 to element      640 by        1
             edge id     1

             curve id          4
                     1: 0         2: 0         3: 0         4: 0         5: 0         6: 0         7: 0         8: 0
                     echo suppressed for        86 items
                     total number of items read:        94

             curve id          5
                 49295: 3     49300: 0     49361: 0     49362: 0     49363: 0     49364: 0     49365: 0     49366: 0
                     echo suppressed for       878 items
                     total number of items read:       886

             curve id          6
                 49295: 0     49296: 0     49297: 0     49298: 0     49301: 0     49302: 0     49303: 0     49304: 0
                     echo suppressed for        39 items
                     total number of items read:        47

             curve id          7
                 49283: 0     49286: 0     49287: 0     49290: 0     49291: 0     49292: 2     49299: 2     49352: 2
                     echo suppressed for        26 items
                     total number of items read:        34

             curve id          8
                 60479: 1     60480: 3     60483: 0     60484: 0     60485: 0     60486: 0     60487: 0     60488: 0
                     echo suppressed for       936 items
                     total number of items read:       944

             curve id          9
                 60480: 0     60481: 0     60482: 0     60891: 0     60892: 0     60893: 0     60894: 0     60895: 0
                     echo suppressed for       114 items
                     total number of items read:       122

             curve id         10
                 93981: 0     93983: 0     93986: 3     93988: 0     93992: 3     93993: 0     94003: 0     94046: 0
                     echo suppressed for       526 items
                     total number of items read:       534

             curve id         11
                 93986: 0     93987: 0     93994: 0     93995: 0     93996: 0     93997: 0     93998: 0     93999: 0
                     echo suppressed for        43 items
                     total number of items read:        51

             curve id         12
                     1: 3       662: 0       663: 0       664: 0       665: 0       666: 0       667: 0       668: 0
                     echo suppressed for       906 items
                     total number of items read:       914

             curve id         13
                   641: 0       642: 0       643: 0       644: 0       645: 0       646: 0       647: 0       648: 0
                     echo suppressed for        34 items
                     total number of items read:        42

             isotropic           structural                                                                                                                                  
             ----------


             isotropic material  material id =               1
              elastic    yield criteria
              isotropic  hardening rule

             material name is:       material1               


                 structural  property                         value       table id


             Youngs modulus                              2.50000E+07              0
             Poissons ratio                              3.50000E-01              0
             mass density                                2.00000E+03              0
             shear modulus                               9.25926E+06              0
             coefficient of thermal expansion            0.00000E+00              0
             coefficient of diffusion expansion          0.00000E+00              0
             Yield stress                                1.00000E+20              0
             cost per unit volume                        0.00000E+00              0
             cost per unit mass                          0.00000E+00              0



             mat color                                                                                                                                                       
             ----------


             material id is:                  1
                material type      =          1
                material RGB color =        230         0         0

             isotropic           structural                                                                                                                                  
             ----------


             isotropic material  material id =               2
              elastic    yield criteria
              isotropic  hardening rule

             material name is:       material2               


                 structural  property                         value       table id


             Youngs modulus                              3.50000E+07              0
             Poissons ratio                              3.00000E-01              0
             mass density                                2.25000E+03              0
             shear modulus                               1.34615E+07              0
             coefficient of thermal expansion            0.00000E+00              0
             coefficient of diffusion expansion          0.00000E+00              0
             Yield stress                                1.00000E+20              0
             cost per unit volume                        0.00000E+00              0
             cost per unit mass                          0.00000E+00              0



             mat color                                                                                                                                                       
             ----------


             material id is:                  2
                material type      =          1
                material RGB color =          0       153       230

             isotropic           structural                                                                                                                                  
             ----------


             isotropic material  material id =               3
              elastic    yield criteria
              isotropic  hardening rule

             material name is:       material3               


                 structural  property                         value       table id


             Youngs modulus                              7.50000E+08              0
             Poissons ratio                              3.50000E-01              0
             mass density                                2.50000E+03              0
             shear modulus                               2.77778E+08              0
             coefficient of thermal expansion            0.00000E+00              0
             coefficient of diffusion expansion          0.00000E+00              0
             Yield stress                                1.00000E+20              0
             cost per unit volume                        0.00000E+00              0
             cost per unit mass                          0.00000E+00              0



             mat color                                                                                                                                                       
             ----------


             material id is:                  3
                material type      =          1
                material RGB color =        236       236         0

             isotropic           structural                                                                                                                                  
             ----------


             isotropic material  material id =               4
              elastic    yield criteria
              isotropic  hardening rule

             material name is:       material4               


                 structural  property                         value       table id


             Youngs modulus                              7.50000E+09              0
             Poissons ratio                              2.50000E-01              0
             mass density                                2.80000E+03              0
             shear modulus                               3.00000E+09              0
             coefficient of thermal expansion            0.00000E+00              0
             coefficient of diffusion expansion          0.00000E+00              0
             Yield stress                                1.00000E+20              0
             cost per unit volume                        0.00000E+00              0
             cost per unit mass                          0.00000E+00              0



             mat color                                                                                                                                                       
             ----------


             material id is:                  4
                material type      =          1
                material RGB color =         76       230        52

             geometry                                                                                                                                                        
             ----------


             geometry name is:       geom1


             geometry id =                 1
             geometry RGB color =        230         0         0

             geometric parameter       value
                       1             1.00000E+00
                       2             0.00000E+00
                       3             0.00000E+00
                       4             0.00000E+00
                       5             0.00000E+00
                       6             0.00000E+00
                       7             0.00000E+00
                       8             0.00000E+00

             fixed disp                                                                                                                                                      
             ----------


             read data from unit    5

             name of boundary condition apply1

             Displacements are applied incrementally relative to current position

             Prescribed Displacement for dof  2 =      0.00000E+00  table id is        0

             applied to node ids       

             apply1_nodes

             name of boundary condition apply2

             Displacements are applied incrementally relative to current position

             Prescribed Displacement for dof  1 =      0.00000E+00  table id is        0

             applied to node ids       

             apply2_nodes

             dist loads                                                                                                                                                      
             ----------


             read data from unit    5

             name of boundary condition apply3

             Marc Load Type (See volume B)   102

             Prescribed Distributed Pressure =      0.00000E+00  table id is        0

             Prescribed Distributed Pressure =     -9.80000E+00  table id is        0

             Prescribed Distributed Pressure =      0.00000E+00  table id is        0

             applied to element ids    

             apply3_elements

             loadcase            job1                                                                                                                                        
             ----------


             activate boundary condition apply1

             activate boundary condition apply2

             activate boundary condition apply3

             no print                                                                                                                                                        
             ----------


             post                                                                                                                                                            
             ----------

             number of element variables on post file:    2

             binary post file will be used

             initial output frequency of post file:       1

             Marc 2017 style post file (default)

             post variable     1 is post code   17 =                                                 
             post variable     2 is post code  311 =                                                 
             maximum record length on binary post file=         111462
             approximate no. of words per increment on file=        3100260


             parameters                                                                                                                                                      
             ----------


             parameters set as follows 

             predictor used for stress-strain calculation    1.00000E+00
             penalty factor for boundary conditions          1.00000E+09
             penalty for incompressibility - r-p flow        1.00000E+02
             penalty for incompressibility - fluid flow      1.00000E+06
             beta parameter for Newmark operator             2.50000E-01
             gamma parameter for Newmark operator            5.00000E-01
             gamma1 parameter for Single-Step-Houbolt        1.50000E+00
             gamma parameter for Single-Step-Houbolt        -5.00000E-01
             sharp angle for sticking/separating - 2D        8.62500E+00
             sharp angle for sticking/separating - 3D        2.00000E+01
             initial strain rate for r-p flow                1.00000E-04
             lowest strain rate cut-off for r-p flow         1.00000E-06
             fraction of dilatational stress neglected       1.00000E+00
             factor for drilling d.o.f for shells            1.00000E-04
             factor for displacement after rezoning          1.00000E+00

             universal gas constant                          8.31400E+00
             absolute temperature offset                     2.73150E+02
             thermal properties evaluation weight            5.00000E-01
             surface projection factor in ssh dynamics       0.00000E+00
             Stefan Boltzmann constant                       5.67051E-08
             Planck's second radiation constant              1.43877E-02
             Speed of light in vacuum                        2.99790E+08
             Permeability of vacuum                          1.25664E-06
             Permittivity of vacuum                          8.85419E-12
             maximum iterative displacement component        1.00000E+30
             initial stiffness to simulate sticking          0.00000E+00
             minimum angle between the normal vectors of 
             contacting segments                             1.20000E+02
             radiation reflection cut-off                    1.00000E-03
             angle for averaging adjacent beams (s2s)        1.60000E+02
             stabilizer stiffness for model sections         0.00000E+00

             maximum change in temperature per iteration     1.00000E+02
             maximum rbe3 conditioning number                0.10000E+07
             gasket initial stress stiffness factor          4.00000E-01

             end option                                                                                                                                                      
             ----------

             wall time =           4.00

             *** list of edges broken at element      94059
             arclength can not be calculated 
             *** list of edges broken at element      49343
             arclength can not be calculated 
             wall time =           5.00


             direct symmetric multi-frontal sparse solver is invoked for region   1


             number of element groups used:         7

                group     # elements     element type     material                             formulation

                   1       16742             3                1                                    S
                   2           1           201                1                                    S
                   3       33501             3                2                                    S
                   4           1           201                2                                    S
                   5       11194             3                3                                    S
                   6           2           201                3                                    S
                   7       49282             3                4                                    S
 
               formulation:
                     S:   small displacement
 

             Number of warning messages is 0


             maximum connectivity in stiffness matrix is         11 at node      91592



             maximum half-bandwidth is      94689  between nodes        642  and      96743

             number of profile entries excluding fill-in is          555084



             total workspace needed with in-core matrix storage =        14947592
               part of solver workspace is allocated separately

             allocated      18282 words of memory due to kinematic boundary conditions







             load increments for each degree of freedom
             summed over the whole model

             from distributed loads
             dist. loads on undeformed configuration - increments for dist. loads
             increments for point loads
             0.000000E+00  -6.590226E+08


             point loads
             0.000000E+00   0.000000E+00

             start of assembly     cycle number is     0
             wall time =           5.00




             solver workspace for phase1 (matrix input)    (64bit words) =         1444568 (     11.02 MByte)
             Metis nested dissection ordering used
             solver workspace for phase2 (nodal ordering)  (64bit words) =         4119984 (     31.43 MByte)
             solver workspace for phase3 (symbolic factor) (64bit words) =         6555469 (     50.01 MByte)
             solver workspace for phase4 (factorization)   (64bit words) =         8312124 (     63.42 MByte) (MINIMUM)
             solver workspace for phase4 (factorization)   (64bit words) =        28766692 (    219.47 MByte) (MAXIMUM)
             solver workspace available and used           (64bit words) =        30205026 (    230.45 MByte)


             start of matrix solution
             wall time =           7.00



             singularity ratio    2.0867E-01


             end of matrix solution
             wall time =           8.00



             element with highest stress relative to yield is         94
             where equivalent stress is 3.722E-14  of yield







   WINDOWS version
   Marc 2020
   output for increment       0. "          job1"


             total strain energy         is    1.16474E+08
               within which:
               elastic strain energy     is    1.16474E+08
             total ext-force work        is    1.16474E+08
               within which:
               work by appl. force/disp. is    1.16474E+08
               work by frictional forces is    0.00000E+00


             memory usage:                       MByte       words  % of total

              within general memory:           
               element stiffness matrices:          19     4948936         2.8
               solver: first part                   37     9773040         5.5
               overallocation initial allocation    50    13056282         7.3
               other:                                1      225612         0.1
              allocated separately:
               solver 8                            219    57520916        32.3
               nodal vectors:                       50    13152528         7.4
               defined sets:                         1      223438         0.1
               transformations:                      2      445848         0.3
               kinematic boundary conditions:        0       19744         0.0
               points, curves and surfaces:          0        1888         0.0
               mem_none:                            48    12498470         7.0
               element storage:                    226    59125984        33.2
               material properties:                  0       11006         0.0
               executable and common blocks:        27     7000000         3.9
               miscellaneous                         1      258282         0.1
               ---------------------------------------------------------------
               total:                              680   178261974

               general memory allocated:           107    28003870
               general memory used:                 57    14947588

               peak memory usage:                  730   191372898

             e n d   o f   i n c r e m e n t       0

             binary post data at increment       0.  subincrement    0.  on file 16
             wall time =          11.00


             $...................                                                                                                                                            

             $....start of loadcase lcase1                                                                                                                                   

             title               lcase1                                                                                                                                      
             ----------


             loadcase            lcase1                                                                                                                                      
             ----------


             activate boundary condition apply1

             activate boundary condition apply2

             activate boundary condition apply3

             control             structural                                                                                                                                  
             ----------


             control information for region   1

             maximum number of increments      99999
             maximum number of recycles           10
             minimum number of recycles            0

             control of residual convergence:
               relative tolerance:              1.00000E-01
               cut-off value     :              0.00000E+00
               absolute tolerance:              0.00000E+00
               relative moment tolerance:       0.00000E+00
               moment cut-off value     :       0.00000E+00
               absolute moment tolerance:       0.00000E+00



             full newton-raphson technique chosen

             convergence testing is automatically switched between
             residual and displacement testing if reactions or displacements 
             become too small 

             control messages will be written to log file

             parameters                                                                                                                                                      
             ----------


             parameters set as follows 

             predictor used for stress-strain calculation    1.00000E+00
             penalty factor for boundary conditions          1.00000E+09
             penalty for incompressibility - r-p flow        1.00000E+02
             penalty for incompressibility - fluid flow      1.00000E+06
             beta parameter for Newmark operator             2.50000E-01
             gamma parameter for Newmark operator            5.00000E-01
             gamma1 parameter for Single-Step-Houbolt        1.50000E+00
             gamma parameter for Single-Step-Houbolt        -5.00000E-01
             sharp angle for sticking/separating - 2D        8.62500E+00
             sharp angle for sticking/separating - 3D        2.00000E+01
             initial strain rate for r-p flow                1.00000E-04
             lowest strain rate cut-off for r-p flow         1.00000E-06
             fraction of dilatational stress neglected       1.00000E+00
             factor for drilling d.o.f for shells            1.00000E-04
             factor for displacement after rezoning          1.00000E+00

             universal gas constant                          8.31400E+00
             absolute temperature offset                     2.73150E+02
             thermal properties evaluation weight            5.00000E-01
             surface projection factor in ssh dynamics       0.00000E+00
             Stefan Boltzmann constant                       5.67051E-08
             Planck's second radiation constant              1.43877E-02
             Speed of light in vacuum                        2.99790E+08
             Permeability of vacuum                          1.25664E-06
             Permittivity of vacuum                          8.85419E-12
             maximum iterative displacement component        1.00000E+30
             initial stiffness to simulate sticking          0.00000E+00
             minimum angle between the normal vectors of 
             contacting segments                             1.20000E+02
             radiation reflection cut-off                    1.00000E-03
             angle for averaging adjacent beams (s2s)        1.60000E+02
             stabilizer stiffness for model sections         0.00000E+00

             maximum change in temperature per iteration     1.00000E+02
             maximum rbe3 conditioning number                0.10000E+07
             gasket initial stress stiffness factor          4.00000E-01

             auto load                                                                                                                                                       
             ----------


             iotnum,incasm
                      1         0


             maximum number of time step cutback           10
             maximum number of forced remeshing             1
             cutback step for next forced remeshing         0

             time step                                                                                                                                                       
             ----------

             time increment =     1.00000E+00

             continue                                                                                                                                                        
             ----------



             equal load incs specified for       1 increments




             s t a r t   o f   i n c r e m e n t       1


          space needed for incremental backup:    21082232







             load increments for each degree of freedom
             summed over the whole model

             from distributed loads
             dist. loads on undeformed configuration - increments for dist. loads
             increments for point loads
             0.000000E+00  -6.590226E+08


             point loads
             0.000000E+00   0.000000E+00

             start of assembly     cycle number is     0
             wall time =          11.00




             solver workspace for phase1 (matrix input)    (64bit words) =         1444568 (     11.02 MByte)
             Metis nested dissection ordering used
             solver workspace for phase2 (nodal ordering)  (64bit words) =         4119984 (     31.43 MByte)
             solver workspace for phase3 (symbolic factor) (64bit words) =         6555469 (     50.01 MByte)
             solver workspace for phase4 (factorization)   (64bit words) =         8312124 (     63.42 MByte) (MINIMUM)
             solver workspace for phase4 (factorization)   (64bit words) =        28766692 (    219.47 MByte) (MAXIMUM)
             solver workspace available and used           (64bit words) =        30205026 (    230.45 MByte)


             start of matrix solution
             wall time =          12.00



             singularity ratio    2.0867E-01


             end of matrix solution
             wall time =          13.00


             maximum residual force  at node     11968 degree of freedom  2 is equal to    8.959E-10
             maximum reaction force  at node         2 degree of freedom  2 is equal to    1.741E+06
             residual convergence ratio    5.146E-16


             total transient time = 1.000000000000000E+00



   WINDOWS version
   Marc 2020
   output for increment       1. "          lcase1"


             total strain energy         is    1.16474E+08
               within which:
               elastic strain energy     is    1.16474E+08
             total ext-force work        is    1.16474E+08
               within which:
               work by appl. force/disp. is    1.16474E+08
               work by frictional forces is    0.00000E+00


             memory usage:                       MByte       words  % of total

              within general memory:           
               element stiffness matrices:          19     4948936         2.2
               solver: first part                   37     9773040         4.4
               overallocation initial allocation    50    13056282         5.9
               other:                                1      225612         0.1
              allocated separately:
               incremental backup:                 161    42164464        19.1
               solver 8                            219    57520916        26.1
               nodal vectors:                       50    13152528         6.0
               defined sets:                         1      223438         0.1
               transformations:                      2      445848         0.2
               kinematic boundary conditions:        0       19744         0.0
               points, curves and surfaces:          0        1888         0.0
               mem_none:                            48    12498500         5.7
               element storage:                    226    59125984        26.8
               material properties:                  0       11006         0.0
               executable and common blocks:        27     7000000         3.2
               miscellaneous                         1      258282         0.1
               ---------------------------------------------------------------
               total:                              841   220426468

               general memory allocated:           107    28003870
               general memory used:                 57    14947588

               peak memory usage:                  865   226848402

             e n d   o f   i n c r e m e n t       1

             binary post data at increment       1.  subincrement    0.  on file 16
             wall time =          16.00


             $....end of loadcase lcase1                                                                                                                                     

             $...................                                                                                                                                            


                              *** end of input deck - job ends


             memory usage:                       MByte       words  % of total

              within general memory:           
               element stiffness matrices:          19     4948936         2.2
               solver: first part                   37     9773040         4.4
               overallocation initial allocation    50    13056282         5.9
               other:                                1      225612         0.1
              allocated separately:
               incremental backup:                 161    42164464        19.1
               solver 8                            219    57520916        26.1
               nodal vectors:                       50    13152528         6.0
               defined sets:                         1      223438         0.1
               transformations:                      2      445848         0.2
               kinematic boundary conditions:        0       19744         0.0
               points, curves and surfaces:          0        1888         0.0
               mem_none:                            48    12498500         5.7
               element storage:                    226    59125984        26.8
               material properties:                  0       11006         0.0
               executable and common blocks:        27     7000000         3.2
               miscellaneous                         1      258282         0.1
               ---------------------------------------------------------------
               total:                              841   220426468

               general memory allocated:           107    28003870
               general memory used:                 57    14947588

               peak memory usage:                  865   226848402


             timing information:                             wall time      cpu time

               total time for input:                              4.89          4.86
               total time for stiffness matrix assembly:          1.24          1.23
               total time for mass matrix assembly:               0.00          0.00
               total time for stress recovery:                    1.17          1.17
               total time for matrix solution:                    3.74         27.03
               total time for output:                             4.47          4.36
               total time for miscellaneous:                      0.56          0.50
               ---------------------------------------------------------------------
               total time:                                       16.07         39.16


             **************************************************************************


             
             This is a successful completion to a Marc simulation,
             indicating that no additional incremental data was
             found and that the analysis is complete.
             




             **************************************************************************





                                        Marc 2020

                                        Number of warning messages is 0

                                        Exit number 3004
